TN:
SF:D:\codes\crazy-rabbit-one\src\util.js
FN:4,(anonymous_0)
FN:12,(anonymous_1)
FN:30,(anonymous_2)
FN:44,(anonymous_3)
FN:49,(anonymous_4)
FN:58,(anonymous_5)
FN:63,(anonymous_6)
FN:68,(anonymous_7)
FN:96,(anonymous_8)
FN:116,(anonymous_9)
FNF:10
FNH:6
FNDA:0,(anonymous_0)
FNDA:2,(anonymous_1)
FNDA:10,(anonymous_2)
FNDA:4,(anonymous_3)
FNDA:2,(anonymous_4)
FNDA:0,(anonymous_5)
FNDA:1,(anonymous_6)
FNDA:10,(anonymous_7)
FNDA:0,(anonymous_8)
FNDA:0,(anonymous_9)
DA:4,2
DA:5,0
DA:12,2
DA:13,2
DA:15,2
DA:16,0
DA:17,0
DA:18,0
DA:19,0
DA:20,0
DA:24,2
DA:26,2
DA:30,2
DA:31,10
DA:32,10
DA:33,10
DA:34,10
DA:44,2
DA:45,4
DA:47,4
DA:49,4
DA:50,2
DA:58,2
DA:59,0
DA:63,2
DA:64,1
DA:68,2
DA:70,10
DA:72,10
DA:73,9
DA:74,5
DA:75,10
DA:80,4
DA:81,5
DA:82,5
DA:89,1
DA:92,10
DA:96,2
DA:97,0
DA:98,0
DA:99,0
DA:100,0
DA:102,0
DA:103,0
DA:105,0
DA:107,0
DA:109,0
DA:110,0
DA:111,0
DA:116,2
DA:117,0
DA:118,0
DA:119,0
DA:121,0
DA:122,0
DA:126,0
LF:56
LH:32
BRDA:5,0,0,0
BRDA:5,0,1,0
BRDA:15,1,0,0
BRDA:15,1,1,2
BRDA:16,2,0,0
BRDA:16,2,1,0
BRDA:18,3,0,0
BRDA:18,3,1,0
BRDA:19,4,0,0
BRDA:19,4,1,0
BRDA:26,5,0,1
BRDA:26,5,1,1
BRDA:31,6,0,10
BRDA:31,6,1,8
BRDA:32,7,0,10
BRDA:32,7,1,6
BRDA:33,8,0,8
BRDA:33,8,1,2
BRDA:45,9,0,4
BRDA:45,9,1,4
BRDA:70,10,0,5
BRDA:70,10,1,5
BRDA:72,11,0,9
BRDA:72,11,1,1
BRDA:73,12,0,5
BRDA:73,12,1,4
BRDA:75,13,0,5
BRDA:75,13,1,5
BRDA:81,14,0,5
BRDA:81,14,1,0
BRDA:82,15,0,1
BRDA:82,15,1,4
BRDA:97,16,0,0
BRDA:97,16,1,0
BRDA:98,17,0,0
BRDA:98,17,1,0
BRDA:105,18,0,0
BRDA:105,18,1,0
BRDA:118,19,0,0
BRDA:118,19,1,0
BRDA:121,20,0,0
BRDA:121,20,1,0
BRDA:121,21,0,0
BRDA:121,21,1,0
BRDA:122,22,0,0
BRDA:122,22,1,0
BRF:46
BRH:22
end_of_record
TN:
SF:D:\codes\crazy-rabbit-one\src\api\http.js
FN:11,(anonymous_0)
FN:26,_h
FN:27,(anonymous_2)
FN:59,(anonymous_3)
FN:88,(anonymous_4)
FNF:5
FNH:2
FNDA:0,(anonymous_0)
FNDA:2,_h
FNDA:1,(anonymous_2)
FNDA:0,(anonymous_3)
FNDA:0,(anonymous_4)
DA:11,1
DA:12,0
DA:18,1
DA:21,1
DA:27,2
DA:32,1
DA:33,0
DA:38,1
DA:42,1
DA:43,1
DA:44,1
DA:48,1
DA:53,1
DA:54,1
DA:55,1
DA:58,1
DA:61,0
DA:64,0
DA:65,0
DA:66,0
DA:68,0
DA:73,0
DA:74,0
DA:75,0
DA:77,0
DA:79,0
DA:86,0
DA:90,0
DA:92,0
DA:93,0
DA:96,0
DA:98,0
DA:99,0
DA:103,0
DA:104,0
DA:105,0
DA:106,0
DA:109,0
DA:110,0
DA:115,0
DA:117,0
DA:121,0
DA:125,0
DA:127,0
DA:128,0
DA:132,0
DA:133,0
LF:47
LH:14
BRDA:14,0,0,0
BRDA:14,0,1,0
BRDA:32,1,0,0
BRDA:32,1,1,1
BRDA:42,2,0,1
BRDA:42,2,1,0
BRDA:54,3,0,1
BRDA:54,3,1,1
BRDA:61,4,0,0
BRDA:61,4,1,0
BRDA:64,5,0,0
BRDA:64,5,1,0
BRDA:64,6,0,0
BRDA:64,6,1,0
BRDA:65,7,0,0
BRDA:65,7,1,0
BRDA:65,8,0,0
BRDA:65,8,1,0
BRDA:73,9,0,0
BRDA:73,9,1,0
BRDA:73,10,0,0
BRDA:73,10,1,0
BRDA:73,10,2,0
BRDA:73,10,3,0
BRDA:74,11,0,0
BRDA:74,11,1,0
BRDA:74,12,0,0
BRDA:74,12,1,0
BRDA:90,13,0,0
BRDA:90,13,1,0
BRDA:92,14,0,0
BRDA:92,14,1,0
BRDA:96,15,0,0
BRDA:96,15,1,0
BRDA:96,16,0,0
BRDA:96,16,1,0
BRDA:103,17,0,0
BRDA:103,17,1,0
BRDA:103,18,0,0
BRDA:103,18,1,0
BRDA:104,19,0,0
BRDA:104,19,1,0
BRDA:115,20,0,0
BRDA:115,20,1,0
BRDA:115,21,0,0
BRDA:115,21,1,0
BRDA:118,22,0,0
BRDA:118,22,1,0
BRDA:125,23,0,0
BRDA:125,23,1,0
BRDA:125,24,0,0
BRDA:125,24,1,0
BRF:52
BRH:4
end_of_record
TN:
SF:D:\codes\crazy-rabbit-one\src\api\common.js
FN:11,(anonymous_0)
FN:15,(anonymous_1)
FN:19,(anonymous_2)
FN:23,(anonymous_3)
FN:27,(anonymous_4)
FN:31,(anonymous_5)
FN:35,(anonymous_6)
FNF:7
FNH:0
FNDA:0,(anonymous_0)
FNDA:0,(anonymous_1)
FNDA:0,(anonymous_2)
FNDA:0,(anonymous_3)
FNDA:0,(anonymous_4)
FNDA:0,(anonymous_5)
FNDA:0,(anonymous_6)
DA:11,1
DA:15,1
DA:19,1
DA:23,1
DA:27,1
DA:31,1
DA:35,1
LF:7
LH:7
BRDA:11,0,0,0
BRDA:15,1,0,0
BRDA:19,2,0,0
BRDA:23,3,0,0
BRDA:27,4,0,0
BRDA:31,5,0,0
BRDA:35,6,0,0
BRF:7
BRH:0
end_of_record
TN:
SF:D:\codes\crazy-rabbit-one\src\api\hotelList.js
FN:10,(anonymous_0)
FN:14,(anonymous_1)
FN:18,(anonymous_2)
FN:22,(anonymous_3)
FN:26,(anonymous_4)
FN:30,(anonymous_5)
FN:34,(anonymous_6)
FNF:7
FNH:0
FNDA:0,(anonymous_0)
FNDA:0,(anonymous_1)
FNDA:0,(anonymous_2)
FNDA:0,(anonymous_3)
FNDA:0,(anonymous_4)
FNDA:0,(anonymous_5)
FNDA:0,(anonymous_6)
DA:10,1
DA:14,1
DA:18,1
DA:22,1
DA:26,1
DA:30,1
DA:34,1
LF:7
LH:7
BRDA:10,0,0,0
BRDA:14,1,0,0
BRDA:18,2,0,0
BRDA:22,3,0,0
BRDA:26,4,0,0
BRDA:30,5,0,0
BRDA:34,6,0,0
BRF:7
BRH:0
end_of_record
TN:
SF:D:\codes\crazy-rabbit-one\src\api\hotelDetail.js
FN:5,(anonymous_0)
FN:9,(anonymous_1)
FN:13,(anonymous_2)
FNF:3
FNH:0
FNDA:0,(anonymous_0)
FNDA:0,(anonymous_1)
FNDA:0,(anonymous_2)
DA:5,1
DA:9,1
DA:13,1
LF:3
LH:3
BRDA:5,0,0,0
BRDA:9,1,0,0
BRDA:13,2,0,0
BRF:3
BRH:0
end_of_record
TN:
SF:D:\codes\crazy-rabbit-one\src\api\personalCenter.js
FN:11,(anonymous_0)
FN:14,(anonymous_1)
FN:17,(anonymous_2)
FNF:3
FNH:0
FNDA:0,(anonymous_0)
FNDA:0,(anonymous_1)
FNDA:0,(anonymous_2)
DA:11,1
DA:14,1
DA:17,1
LF:3
LH:3
BRDA:11,0,0,0
BRDA:14,1,0,0
BRDA:17,2,0,0
BRF:3
BRH:0
end_of_record
TN:
SF:D:\codes\crazy-rabbit-one\src\api\home.js
FN:5,(anonymous_0)
FN:9,(anonymous_1)
FN:13,(anonymous_2)
FN:17,(anonymous_3)
FN:21,(anonymous_4)
FNF:5
FNH:1
FNDA:1,(anonymous_0)
FNDA:0,(anonymous_1)
FNDA:0,(anonymous_2)
FNDA:0,(anonymous_3)
FNDA:0,(anonymous_4)
DA:5,1
DA:9,1
DA:13,1
DA:17,1
DA:21,1
LF:5
LH:5
BRDA:5,0,0,1
BRDA:9,1,0,0
BRDA:13,2,0,0
BRDA:17,3,0,0
BRDA:21,4,0,0
BRF:5
BRH:1
end_of_record
TN:
SF:D:\codes\crazy-rabbit-one\src\api\orderWrite.js
FN:11,(anonymous_0)
FN:14,(anonymous_1)
FN:17,(anonymous_2)
FN:20,(anonymous_3)
FN:23,(anonymous_4)
FN:26,(anonymous_5)
FNF:6
FNH:0
FNDA:0,(anonymous_0)
FNDA:0,(anonymous_1)
FNDA:0,(anonymous_2)
FNDA:0,(anonymous_3)
FNDA:0,(anonymous_4)
FNDA:0,(anonymous_5)
DA:11,1
DA:14,1
DA:17,1
DA:20,1
DA:23,1
DA:26,1
LF:6
LH:6
BRDA:11,0,0,0
BRDA:14,1,0,0
BRDA:17,2,0,0
BRDA:20,3,0,0
BRDA:23,4,0,0
BRDA:26,5,0,0
BRF:6
BRH:0
end_of_record
TN:
SF:D:\codes\crazy-rabbit-one\src\api\registry.js
FN:5,(anonymous_0)
FN:9,(anonymous_1)
FNF:2
FNH:0
FNDA:0,(anonymous_0)
FNDA:0,(anonymous_1)
DA:5,1
DA:9,1
LF:2
LH:2
BRDA:5,0,0,0
BRDA:9,1,0,0
BRF:2
BRH:0
end_of_record
TN:
SF:D:\codes\crazy-rabbit-one\src\api\index.js
FN:24,(anonymous_0)
FNF:1
FNH:1
FNDA:1,(anonymous_0)
DA:9,1
DA:20,1
DA:25,1
DA:26,1
LF:4
LH:4
BRF:0
BRH:0
end_of_record
TN:
SF:D:\codes\crazy-rabbit-one\src\store\util.js
FN:9,(anonymous_0)
FN:24,(anonymous_1)
FN:40,(anonymous_2)
FN:56,(anonymous_3)
FN:77,(anonymous_4)
FN:93,(anonymous_5)
FN:104,(anonymous_6)
FN:105,(anonymous_7)
FN:114,(anonymous_8)
FN:131,(anonymous_9)
FNF:10
FNH:1
FNDA:0,(anonymous_0)
FNDA:0,(anonymous_1)
FNDA:0,(anonymous_2)
FNDA:0,(anonymous_3)
FNDA:0,(anonymous_4)
FNDA:0,(anonymous_5)
FNDA:0,(anonymous_6)
FNDA:0,(anonymous_7)
FNDA:0,(anonymous_8)
FNDA:1,(anonymous_9)
DA:5,1
DA:10,0
DA:12,0
DA:13,0
DA:14,0
DA:15,0
DA:17,0
DA:24,0
DA:25,0
DA:26,0
DA:27,0
DA:28,0
DA:30,0
DA:36,0
DA:37,0
DA:40,0
DA:41,0
DA:42,0
DA:43,0
DA:44,0
DA:46,0
DA:52,0
DA:53,0
DA:56,0
DA:57,0
DA:58,0
DA:59,0
DA:60,0
DA:62,0
DA:68,0
DA:69,0
DA:77,0
DA:78,0
DA:83,0
DA:84,0
DA:85,0
DA:87,0
DA:93,0
DA:94,0
DA:104,1
DA:105,0
DA:107,0
DA:108,0
DA:114,1
DA:115,0
DA:126,0
DA:127,0
DA:131,1
DA:132,1
DA:133,1
DA:134,0
DA:135,0
LF:52
LH:6
BRDA:36,0,0,0
BRDA:36,0,1,0
BRDA:52,1,0,0
BRDA:52,1,1,0
BRDA:68,2,0,0
BRDA:68,2,1,0
BRDA:107,3,0,0
BRDA:107,3,1,0
BRDA:132,4,0,1
BRDA:132,4,1,0
BRDA:134,5,0,0
BRDA:134,5,1,0
BRF:12
BRH:1
end_of_record
TN:
SF:D:\codes\crazy-rabbit-one\src\store\modules\home.js
FNF:0
FNH:0
DA:26,0
DA:27,0
DA:33,0
LF:3
LH:0
BRF:0
BRH:0
end_of_record
TN:
SF:D:\codes\crazy-rabbit-one\src\components\common\LoginBox.vue
FN:89,(anonymous_0)
FNF:1
FNH:0
FNDA:0,(anonymous_0)
DA:47,0
DA:63,0
DA:67,0
DA:68,0
DA:70,0
DA:73,0
DA:77,0
DA:78,0
DA:81,0
DA:89,0
DA:90,0
DA:91,0
DA:92,0
DA:94,0
DA:100,0
DA:101,0
DA:107,0
DA:109,0
DA:115,0
DA:117,0
DA:118,0
DA:120,0
DA:121,0
DA:122,0
DA:123,0
DA:130,0
LF:26
LH:0
BRDA:63,0,0,0
BRDA:63,0,1,0
BRDA:64,1,0,0
BRDA:64,1,1,0
BRDA:65,2,0,0
BRDA:65,2,1,0
BRDA:67,3,0,0
BRDA:67,3,1,0
BRDA:77,4,0,0
BRDA:77,4,1,0
BRDA:77,5,0,0
BRDA:77,5,1,0
BRDA:77,5,2,0
BRDA:77,5,3,0
BRDA:90,6,0,0
BRDA:90,6,1,0
BRDA:100,7,0,0
BRDA:100,7,1,0
BRDA:117,8,0,0
BRDA:117,8,1,0
BRF:20
BRH:0
end_of_record
TN:
SF:D:\codes\crazy-rabbit-one\src\components\common\Confirm.vue
FNF:0
FNH:0
DA:18,0
DA:31,0
DA:32,0
DA:36,0
DA:37,0
LF:5
LH:0
BRF:0
BRH:0
end_of_record
TN:
SF:D:\codes\crazy-rabbit-one\src\layout\header.vue
FN:85,(anonymous_0)
FN:95,(anonymous_1)
FNF:2
FNH:0
FNDA:0,(anonymous_0)
FNDA:0,(anonymous_1)
DA:55,1
DA:67,2
DA:71,1
DA:78,0
DA:83,1
DA:85,1
DA:86,0
DA:87,0
DA:89,0
DA:95,0
DA:96,0
DA:98,0
DA:100,0
DA:106,1
DA:107,1
DA:114,1
LF:16
LH:8
BRDA:86,0,0,0
BRDA:86,0,1,0
BRDA:98,1,0,0
BRDA:98,1,1,0
BRDA:106,2,0,1
BRDA:106,2,1,0
BRF:6
BRH:1
end_of_record
