TN:
SF:E:\crazy-rabbit-one\src\components\Confirm.vue
FNF:0
FNH:0
DA:18,1
DA:31,1
DA:32,1
DA:36,2
DA:37,2
LF:5
LH:5
BRF:0
BRH:0
end_of_record
TN:
SF:E:\crazy-rabbit-one\src\store\index.js
FNF:0
FNH:0
DA:13,3
DA:33,0
DA:36,0
DA:37,0
DA:38,0
DA:39,0
DA:40,0
DA:45,0
DA:47,0
DA:48,0
DA:49,0
DA:50,0
DA:52,0
DA:56,0
DA:63,0
DA:64,0
DA:69,5
LF:17
LH:2
BRDA:39,0,0,0
BRDA:39,0,1,0
BRDA:40,1,0,0
BRDA:40,1,1,0
BRDA:52,2,0,0
BRDA:52,2,1,0
BRDA:56,3,0,0
BRDA:56,3,1,0
BRF:8
BRH:0
end_of_record
TN:
SF:E:\crazy-rabbit-one\src\utils\util.js
FN:4,(anonymous_0)
FN:12,(anonymous_1)
FN:30,(anonymous_2)
FN:44,(anonymous_3)
FN:49,(anonymous_4)
FN:58,(anonymous_5)
FN:63,(anonymous_6)
FN:68,(anonymous_7)
FN:96,(anonymous_8)
FN:116,(anonymous_9)
FN:135,(anonymous_10)
FN:181,(anonymous_11)
FN:186,addScript
FN:195,(anonymous_13)
FN:199,(anonymous_14)
FN:201,(anonymous_15)
FN:207,(anonymous_16)
FN:215,(anonymous_17)
FNF:18
FNH:7
FNDA:1,(anonymous_0)
FNDA:3,(anonymous_1)
FNDA:18,(anonymous_2)
FNDA:4,(anonymous_3)
FNDA:2,(anonymous_4)
FNDA:0,(anonymous_5)
FNDA:1,(anonymous_6)
FNDA:10,(anonymous_7)
FNDA:0,(anonymous_8)
FNDA:0,(anonymous_9)
FNDA:0,(anonymous_10)
FNDA:0,(anonymous_11)
FNDA:0,addScript
FNDA:0,(anonymous_13)
FNDA:0,(anonymous_14)
FNDA:0,(anonymous_15)
FNDA:0,(anonymous_16)
FNDA:0,(anonymous_17)
DA:4,4
DA:5,1
DA:12,4
DA:13,3
DA:15,3
DA:16,1
DA:17,0
DA:18,1
DA:19,0
DA:20,0
DA:24,2
DA:26,3
DA:30,4
DA:31,18
DA:32,18
DA:33,18
DA:34,18
DA:44,4
DA:45,4
DA:47,4
DA:49,4
DA:50,2
DA:58,4
DA:59,0
DA:63,4
DA:64,1
DA:68,4
DA:70,10
DA:72,10
DA:73,9
DA:74,5
DA:75,10
DA:80,4
DA:81,5
DA:82,5
DA:89,1
DA:92,10
DA:96,4
DA:97,0
DA:98,0
DA:99,0
DA:100,0
DA:102,0
DA:103,0
DA:105,0
DA:107,0
DA:109,0
DA:110,0
DA:111,0
DA:116,4
DA:117,0
DA:118,0
DA:119,0
DA:121,0
DA:122,0
DA:126,0
DA:135,4
DA:136,0
DA:138,0
DA:139,0
DA:140,0
DA:142,0
DA:143,0
DA:144,0
DA:145,0
DA:146,0
DA:147,0
DA:152,0
DA:159,0
DA:161,0
DA:168,0
DA:169,0
DA:176,0
DA:181,4
DA:182,0
DA:187,0
DA:188,0
DA:189,0
DA:190,0
DA:195,4
DA:196,0
DA:198,0
DA:199,0
DA:201,0
DA:202,0
DA:207,0
DA:208,0
DA:215,4
DA:216,0
DA:218,0
DA:219,0
DA:220,0
DA:224,0
LF:93
LH:39
BRDA:5,0,0,1
BRDA:5,0,1,1
BRDA:15,1,0,1
BRDA:15,1,1,2
BRDA:16,2,0,0
BRDA:16,2,1,1
BRDA:18,3,0,0
BRDA:18,3,1,1
BRDA:19,4,0,0
BRDA:19,4,1,0
BRDA:26,5,0,1
BRDA:26,5,1,2
BRDA:31,6,0,18
BRDA:31,6,1,16
BRDA:32,7,0,18
BRDA:32,7,1,10
BRDA:33,8,0,8
BRDA:33,8,1,10
BRDA:45,9,0,4
BRDA:45,9,1,4
BRDA:70,10,0,5
BRDA:70,10,1,5
BRDA:72,11,0,9
BRDA:72,11,1,1
BRDA:73,12,0,5
BRDA:73,12,1,4
BRDA:75,13,0,5
BRDA:75,13,1,5
BRDA:81,14,0,5
BRDA:81,14,1,0
BRDA:82,15,0,1
BRDA:82,15,1,4
BRDA:97,16,0,0
BRDA:97,16,1,0
BRDA:98,17,0,0
BRDA:98,17,1,0
BRDA:105,18,0,0
BRDA:105,18,1,0
BRDA:118,19,0,0
BRDA:118,19,1,0
BRDA:121,20,0,0
BRDA:121,20,1,0
BRDA:121,21,0,0
BRDA:121,21,1,0
BRDA:122,22,0,0
BRDA:122,22,1,0
BRDA:138,23,0,0
BRDA:138,23,1,0
BRDA:142,24,0,0
BRDA:142,24,1,0
BRDA:145,25,0,0
BRDA:145,25,1,0
BRDA:198,26,0,0
BRDA:198,26,1,0
BRDA:198,27,0,0
BRDA:198,27,1,0
BRDA:201,28,0,0
BRDA:201,28,1,0
BRDA:207,29,0,0
BRDA:207,29,1,0
BRDA:220,30,0,0
BRDA:220,30,1,0
BRF:62
BRH:27
end_of_record
TN:
SF:E:\crazy-rabbit-one\src\store\util_store.js
FN:9,(anonymous_0)
FN:24,(anonymous_1)
FN:40,(anonymous_2)
FN:56,(anonymous_3)
FN:77,(anonymous_4)
FN:93,(anonymous_5)
FN:104,(anonymous_6)
FN:105,(anonymous_7)
FN:114,(anonymous_8)
FN:131,(anonymous_9)
FNF:10
FNH:1
FNDA:0,(anonymous_0)
FNDA:0,(anonymous_1)
FNDA:0,(anonymous_2)
FNDA:0,(anonymous_3)
FNDA:0,(anonymous_4)
FNDA:0,(anonymous_5)
FNDA:0,(anonymous_6)
FNDA:0,(anonymous_7)
FNDA:0,(anonymous_8)
FNDA:5,(anonymous_9)
DA:5,3
DA:10,0
DA:12,0
DA:13,0
DA:14,0
DA:15,0
DA:17,0
DA:24,0
DA:25,0
DA:26,0
DA:27,0
DA:28,0
DA:30,0
DA:36,0
DA:37,0
DA:40,0
DA:41,0
DA:42,0
DA:43,0
DA:44,0
DA:46,0
DA:52,0
DA:53,0
DA:56,0
DA:57,0
DA:58,0
DA:59,0
DA:60,0
DA:62,0
DA:68,0
DA:69,0
DA:77,0
DA:78,0
DA:83,0
DA:84,0
DA:85,0
DA:87,0
DA:93,0
DA:94,0
DA:104,3
DA:105,0
DA:107,0
DA:108,0
DA:114,3
DA:115,0
DA:126,0
DA:127,0
DA:131,3
DA:132,5
DA:133,5
DA:134,0
DA:135,0
LF:52
LH:6
BRDA:36,0,0,0
BRDA:36,0,1,0
BRDA:52,1,0,0
BRDA:52,1,1,0
BRDA:68,2,0,0
BRDA:68,2,1,0
BRDA:107,3,0,0
BRDA:107,3,1,0
BRDA:132,4,0,5
BRDA:132,4,1,0
BRDA:134,5,0,0
BRDA:134,5,1,0
BRF:12
BRH:1
end_of_record
TN:
SF:E:\crazy-rabbit-one\src\api\index.js
FN:24,(anonymous_0)
FNF:1
FNH:1
FNDA:3,(anonymous_0)
DA:9,3
DA:20,3
DA:25,3
DA:26,3
LF:4
LH:4
BRF:0
BRH:0
end_of_record
TN:
SF:E:\crazy-rabbit-one\src\api\common.js
FN:11,(anonymous_0)
FN:15,(anonymous_1)
FN:19,(anonymous_2)
FN:23,(anonymous_3)
FN:27,(anonymous_4)
FN:31,(anonymous_5)
FN:35,(anonymous_6)
FNF:7
FNH:2
FNDA:1,(anonymous_0)
FNDA:0,(anonymous_1)
FNDA:1,(anonymous_2)
FNDA:0,(anonymous_3)
FNDA:0,(anonymous_4)
FNDA:0,(anonymous_5)
FNDA:0,(anonymous_6)
DA:11,3
DA:15,3
DA:19,3
DA:23,3
DA:27,3
DA:31,3
DA:35,3
LF:7
LH:7
BRDA:11,0,0,1
BRDA:15,1,0,0
BRDA:19,2,0,1
BRDA:23,3,0,0
BRDA:27,4,0,0
BRDA:31,5,0,0
BRDA:35,6,0,0
BRF:7
BRH:2
end_of_record
TN:
SF:E:\crazy-rabbit-one\src\api\http.js
FN:11,(anonymous_0)
FN:26,_h
FN:27,(anonymous_2)
FN:59,(anonymous_3)
FN:88,(anonymous_4)
FNF:5
FNH:3
FNDA:0,(anonymous_0)
FNDA:6,_h
FNDA:5,(anonymous_2)
FNDA:5,(anonymous_3)
FNDA:0,(anonymous_4)
DA:11,3
DA:12,0
DA:18,3
DA:21,3
DA:27,6
DA:32,5
DA:33,0
DA:38,5
DA:42,5
DA:43,4
DA:44,4
DA:48,5
DA:53,5
DA:54,5
DA:55,5
DA:58,5
DA:61,5
DA:64,5
DA:65,0
DA:66,0
DA:68,0
DA:73,5
DA:74,0
DA:75,0
DA:77,0
DA:79,0
DA:86,5
DA:90,0
DA:92,0
DA:93,0
DA:96,0
DA:98,0
DA:99,0
DA:103,0
DA:104,0
DA:105,0
DA:106,0
DA:109,0
DA:110,0
DA:115,0
DA:117,0
DA:121,0
DA:125,0
DA:127,0
DA:128,0
DA:132,0
DA:133,0
LF:47
LH:18
BRDA:14,0,0,0
BRDA:14,0,1,0
BRDA:32,1,0,0
BRDA:32,1,1,5
BRDA:42,2,0,4
BRDA:42,2,1,1
BRDA:54,3,0,5
BRDA:54,3,1,4
BRDA:61,4,0,5
BRDA:61,4,1,4
BRDA:64,5,0,0
BRDA:64,5,1,5
BRDA:64,6,0,5
BRDA:64,6,1,5
BRDA:65,7,0,0
BRDA:65,7,1,0
BRDA:65,8,0,0
BRDA:65,8,1,0
BRDA:73,9,0,0
BRDA:73,9,1,5
BRDA:73,10,0,5
BRDA:73,10,1,5
BRDA:73,10,2,5
BRDA:73,10,3,5
BRDA:74,11,0,0
BRDA:74,11,1,0
BRDA:74,12,0,0
BRDA:74,12,1,0
BRDA:90,13,0,0
BRDA:90,13,1,0
BRDA:92,14,0,0
BRDA:92,14,1,0
BRDA:96,15,0,0
BRDA:96,15,1,0
BRDA:96,16,0,0
BRDA:96,16,1,0
BRDA:103,17,0,0
BRDA:103,17,1,0
BRDA:103,18,0,0
BRDA:103,18,1,0
BRDA:104,19,0,0
BRDA:104,19,1,0
BRDA:115,20,0,0
BRDA:115,20,1,0
BRDA:115,21,0,0
BRDA:115,21,1,0
BRDA:118,22,0,0
BRDA:118,22,1,0
BRDA:125,23,0,0
BRDA:125,23,1,0
BRDA:125,24,0,0
BRDA:125,24,1,0
BRF:52
BRH:15
end_of_record
TN:
SF:E:\crazy-rabbit-one\src\api\hotelList.js
FN:10,(anonymous_0)
FN:14,(anonymous_1)
FN:18,(anonymous_2)
FN:22,(anonymous_3)
FN:26,(anonymous_4)
FN:30,(anonymous_5)
FN:34,(anonymous_6)
FNF:7
FNH:0
FNDA:0,(anonymous_0)
FNDA:0,(anonymous_1)
FNDA:0,(anonymous_2)
FNDA:0,(anonymous_3)
FNDA:0,(anonymous_4)
FNDA:0,(anonymous_5)
FNDA:0,(anonymous_6)
DA:10,3
DA:14,3
DA:18,3
DA:22,3
DA:26,3
DA:30,3
DA:34,3
LF:7
LH:7
BRDA:10,0,0,0
BRDA:14,1,0,0
BRDA:18,2,0,0
BRDA:22,3,0,0
BRDA:26,4,0,0
BRDA:30,5,0,0
BRDA:34,6,0,0
BRF:7
BRH:0
end_of_record
TN:
SF:E:\crazy-rabbit-one\src\api\hotelDetail.js
FN:5,(anonymous_0)
FN:9,(anonymous_1)
FN:13,(anonymous_2)
FNF:3
FNH:0
FNDA:0,(anonymous_0)
FNDA:0,(anonymous_1)
FNDA:0,(anonymous_2)
DA:5,3
DA:9,3
DA:13,3
LF:3
LH:3
BRDA:5,0,0,0
BRDA:9,1,0,0
BRDA:13,2,0,0
BRF:3
BRH:0
end_of_record
TN:
SF:E:\crazy-rabbit-one\src\api\personalCenter.js
FN:11,(anonymous_0)
FN:14,(anonymous_1)
FN:17,(anonymous_2)
FNF:3
FNH:0
FNDA:0,(anonymous_0)
FNDA:0,(anonymous_1)
FNDA:0,(anonymous_2)
DA:11,3
DA:14,3
DA:17,3
LF:3
LH:3
BRDA:11,0,0,0
BRDA:14,1,0,0
BRDA:17,2,0,0
BRF:3
BRH:0
end_of_record
TN:
SF:E:\crazy-rabbit-one\src\api\home.js
FN:5,(anonymous_0)
FN:9,(anonymous_1)
FN:13,(anonymous_2)
FN:17,(anonymous_3)
FN:21,(anonymous_4)
FNF:5
FNH:1
FNDA:3,(anonymous_0)
FNDA:0,(anonymous_1)
FNDA:0,(anonymous_2)
FNDA:0,(anonymous_3)
FNDA:0,(anonymous_4)
DA:5,3
DA:9,3
DA:13,3
DA:17,3
DA:21,3
LF:5
LH:5
BRDA:5,0,0,3
BRDA:9,1,0,0
BRDA:13,2,0,0
BRDA:17,3,0,0
BRDA:21,4,0,0
BRF:5
BRH:1
end_of_record
TN:
SF:E:\crazy-rabbit-one\src\api\orderWrite.js
FN:11,(anonymous_0)
FN:14,(anonymous_1)
FN:17,(anonymous_2)
FN:20,(anonymous_3)
FN:23,(anonymous_4)
FN:26,(anonymous_5)
FNF:6
FNH:0
FNDA:0,(anonymous_0)
FNDA:0,(anonymous_1)
FNDA:0,(anonymous_2)
FNDA:0,(anonymous_3)
FNDA:0,(anonymous_4)
FNDA:0,(anonymous_5)
DA:11,3
DA:14,3
DA:17,3
DA:20,3
DA:23,3
DA:26,3
LF:6
LH:6
BRDA:11,0,0,0
BRDA:14,1,0,0
BRDA:17,2,0,0
BRDA:20,3,0,0
BRDA:23,4,0,0
BRDA:26,5,0,0
BRF:6
BRH:0
end_of_record
TN:
SF:E:\crazy-rabbit-one\src\api\registry.js
FN:5,(anonymous_0)
FN:9,(anonymous_1)
FNF:2
FNH:0
FNDA:0,(anonymous_0)
FNDA:0,(anonymous_1)
DA:5,3
DA:9,3
LF:2
LH:2
BRDA:5,0,0,0
BRDA:9,1,0,0
BRF:2
BRH:0
end_of_record
TN:
SF:E:\crazy-rabbit-one\src\store\modules\home.js
FNF:0
FNH:0
DA:26,0
DA:27,0
DA:33,0
LF:3
LH:0
BRF:0
BRH:0
end_of_record
TN:
SF:E:\crazy-rabbit-one\src\store\modules\hotelList.js
FN:46,(anonymous_0)
FN:140,(anonymous_1)
FN:142,(anonymous_2)
FN:143,(anonymous_3)
FN:144,(anonymous_4)
FN:145,(anonymous_5)
FN:148,(anonymous_6)
FN:169,(anonymous_7)
FNF:8
FNH:0
FNDA:0,(anonymous_0)
FNDA:0,(anonymous_1)
FNDA:0,(anonymous_2)
FNDA:0,(anonymous_3)
FNDA:0,(anonymous_4)
FNDA:0,(anonymous_5)
FNDA:0,(anonymous_6)
FNDA:0,(anonymous_7)
DA:33,0
DA:46,0
DA:47,0
DA:48,0
DA:49,0
DA:52,0
DA:53,0
DA:59,0
DA:66,0
DA:67,0
DA:68,0
DA:69,0
DA:70,0
DA:71,0
DA:72,0
DA:73,0
DA:74,0
DA:79,0
DA:80,0
DA:85,0
DA:86,0
DA:87,0
DA:88,0
DA:91,0
DA:93,0
DA:96,0
DA:97,0
DA:101,0
DA:106,0
DA:108,0
DA:110,0
DA:119,0
DA:121,0
DA:123,0
DA:129,0
DA:140,0
DA:142,0
DA:143,0
DA:144,0
DA:145,0
DA:148,0
DA:150,0
DA:152,0
DA:153,0
DA:154,0
DA:155,0
DA:156,0
DA:160,0
DA:164,0
DA:169,0
DA:170,0
DA:176,0
DA:177,0
DA:178,0
LF:54
LH:0
BRDA:33,0,0,0
BRDA:33,0,1,0
BRDA:33,0,2,0
BRDA:33,0,3,0
BRDA:33,0,4,0
BRDA:33,0,5,0
BRDA:33,0,6,0
BRDA:33,0,7,0
BRDA:33,0,8,0
BRDA:46,1,0,0
BRDA:46,1,1,0
BRDA:47,2,0,0
BRDA:47,2,1,0
BRDA:52,3,0,0
BRDA:52,3,1,0
BRDA:53,4,0,0
BRDA:53,4,1,0
BRDA:53,5,0,0
BRDA:53,5,1,0
BRDA:85,6,0,0
BRDA:85,6,1,0
BRDA:87,7,0,0
BRDA:87,7,1,0
BRDA:88,8,0,0
BRDA:88,8,1,0
BRDA:91,9,0,0
BRDA:91,9,1,0
BRDA:108,10,0,0
BRDA:108,10,1,0
BRDA:108,11,0,0
BRDA:108,11,1,0
BRDA:108,11,2,0
BRDA:108,11,3,0
BRDA:108,11,4,0
BRDA:108,11,5,0
BRDA:121,12,0,0
BRDA:121,12,1,0
BRDA:132,13,0,0
BRDA:132,13,1,0
BRDA:152,14,0,0
BRDA:152,14,1,0
BRDA:153,15,0,0
BRDA:153,15,1,0
BRDA:154,16,0,0
BRDA:154,16,1,0
BRDA:156,17,0,0
BRDA:156,17,1,0
BRF:47
BRH:0
end_of_record
TN:
SF:E:\crazy-rabbit-one\src\store\modules\hotelDetail.js
FN:103,(anonymous_0)
FNF:1
FNH:0
FNDA:0,(anonymous_0)
DA:27,0
DA:29,0
DA:31,0
DA:32,0
DA:33,0
DA:34,0
DA:36,0
DA:37,0
DA:38,0
DA:39,0
DA:42,0
DA:43,0
DA:44,0
DA:45,0
DA:50,0
DA:54,0
DA:61,0
DA:66,0
DA:67,0
DA:73,0
DA:74,0
DA:79,0
DA:80,0
DA:84,0
DA:91,0
DA:103,0
DA:104,0
DA:105,0
DA:106,0
DA:107,0
DA:116,0
DA:118,0
DA:128,0
LF:33
LH:0
BRDA:29,0,0,0
BRDA:29,0,1,0
BRDA:31,1,0,0
BRDA:31,1,1,0
BRDA:33,2,0,0
BRDA:33,2,1,0
BRDA:36,3,0,0
BRDA:36,3,1,0
BRDA:44,4,0,0
BRDA:44,4,1,0
BRDA:54,5,0,0
BRDA:54,5,1,0
BRDA:66,6,0,0
BRDA:66,6,1,0
BRDA:73,7,0,0
BRDA:73,7,1,0
BRDA:104,8,0,0
BRDA:104,8,1,0
BRDA:107,9,0,0
BRDA:107,9,1,0
BRDA:125,10,0,0
BRDA:125,10,1,0
BRF:22
BRH:0
end_of_record
TN:
SF:E:\crazy-rabbit-one\src\store\modules\personalCenter.js
FNF:0
FNH:0
DA:15,0
LF:1
LH:0
BRF:0
BRH:0
end_of_record
TN:
SF:E:\crazy-rabbit-one\src\store\modules\orderWrite.js
FN:102,(anonymous_0)
FN:112,(anonymous_1)
FN:125,(anonymous_2)
FN:133,(anonymous_3)
FN:181,(anonymous_4)
FN:187,(anonymous_5)
FN:202,(anonymous_6)
FN:233,(anonymous_7)
FN:256,(anonymous_8)
FN:283,(anonymous_9)
FN:310,(anonymous_10)
FNF:11
FNH:0
FNDA:0,(anonymous_0)
FNDA:0,(anonymous_1)
FNDA:0,(anonymous_2)
FNDA:0,(anonymous_3)
FNDA:0,(anonymous_4)
FNDA:0,(anonymous_5)
FNDA:0,(anonymous_6)
FNDA:0,(anonymous_7)
FNDA:0,(anonymous_8)
FNDA:0,(anonymous_9)
FNDA:0,(anonymous_10)
DA:58,0
DA:66,0
DA:67,0
DA:68,0
DA:69,0
DA:71,0
DA:72,0
DA:74,0
DA:90,0
DA:92,0
DA:93,0
DA:94,0
DA:95,0
DA:98,0
DA:100,0
DA:102,0
DA:103,0
DA:104,0
DA:107,0
DA:109,0
DA:110,0
DA:113,0
DA:117,0
DA:122,0
DA:123,0
DA:126,0
DA:131,0
DA:134,0
DA:144,0
DA:146,0
DA:147,0
DA:149,0
DA:152,0
DA:153,0
DA:154,0
DA:175,0
DA:176,0
DA:177,0
DA:178,0
DA:181,0
DA:182,0
DA:184,0
DA:185,0
DA:188,0
DA:191,0
DA:193,0
DA:199,0
DA:200,0
DA:203,0
DA:209,0
DA:210,0
DA:211,0
DA:212,0
DA:213,0
DA:215,0
DA:216,0
DA:217,0
DA:218,0
DA:219,0
DA:220,0
DA:221,0
DA:223,0
DA:225,0
DA:226,0
DA:227,0
DA:231,0
DA:234,0
DA:246,0
DA:256,0
DA:257,0
DA:258,0
DA:259,0
DA:264,0
DA:265,0
DA:270,0
DA:271,0
DA:283,0
DA:284,0
DA:285,0
DA:288,0
DA:289,0
DA:298,0
DA:299,0
DA:301,0
DA:310,0
DA:311,0
LF:86
LH:0
BRDA:87,0,0,0
BRDA:87,0,1,0
BRDA:90,1,0,0
BRDA:90,1,1,0
BRDA:92,2,0,0
BRDA:92,2,1,0
BRDA:93,3,0,0
BRDA:93,3,1,0
BRDA:98,4,0,0
BRDA:98,4,1,0
BRDA:100,5,0,0
BRDA:100,5,1,0
BRDA:103,6,0,0
BRDA:103,6,1,0
BRDA:107,7,0,0
BRDA:107,7,1,0
BRDA:109,8,0,0
BRDA:109,8,1,0
BRDA:122,9,0,0
BRDA:122,9,1,0
BRDA:146,10,0,0
BRDA:146,10,1,0
BRDA:146,11,0,0
BRDA:146,11,1,0
BRDA:171,12,0,0
BRDA:171,12,1,0
BRDA:175,13,0,0
BRDA:175,13,1,0
BRDA:182,14,0,0
BRDA:182,14,1,0
BRDA:184,15,0,0
BRDA:184,15,1,0
BRDA:191,16,0,0
BRDA:191,16,1,0
BRDA:191,17,0,0
BRDA:191,17,1,0
BRDA:199,18,0,0
BRDA:199,18,1,0
BRDA:225,19,0,0
BRDA:225,19,1,0
BRDA:225,20,0,0
BRDA:225,20,1,0
BRDA:257,21,0,0
BRDA:257,21,1,0
BRDA:258,22,0,0
BRDA:258,22,1,0
BRDA:264,23,0,0
BRDA:264,23,1,0
BRDA:270,24,0,0
BRDA:270,24,1,0
BRDA:298,25,0,0
BRDA:298,25,1,0
BRF:52
BRH:0
end_of_record
TN:
SF:E:\crazy-rabbit-one\src\components\DateRange.vue
FN:39,(anonymous_0)
FN:44,(anonymous_1)
FNF:2
FNH:1
FNDA:1,(anonymous_0)
FNDA:0,(anonymous_1)
DA:26,1
DA:40,1
DA:41,1
DA:42,1
DA:46,0
DA:47,0
DA:55,1
DA:56,1
DA:57,1
DA:59,1
DA:61,84
DA:62,0
DA:63,0
DA:65,84
DA:70,0
DA:71,0
DA:73,0
DA:75,0
DA:76,0
DA:78,0
DA:79,0
DA:82,0
DA:83,0
LF:23
LH:10
BRDA:46,0,0,0
BRDA:46,0,1,0
BRDA:47,1,0,0
BRDA:47,1,1,0
BRDA:57,2,0,0
BRDA:57,2,1,1
BRDA:61,3,0,0
BRDA:61,3,1,84
BRDA:63,4,0,0
BRDA:63,4,1,0
BRDA:63,4,2,0
BRDA:73,5,0,0
BRDA:73,5,1,0
BRF:13
BRH:2
end_of_record
TN:
SF:E:\crazy-rabbit-one\src\layout\header.vue
FN:85,(anonymous_0)
FN:95,(anonymous_1)
FNF:2
FNH:1
FNDA:3,(anonymous_0)
FNDA:0,(anonymous_1)
DA:55,3
DA:67,6
DA:71,12
DA:78,1
DA:83,3
DA:85,3
DA:86,3
DA:87,3
DA:89,0
DA:95,0
DA:96,0
DA:98,0
DA:100,0
DA:106,1
DA:107,1
DA:114,3
LF:16
LH:11
BRDA:86,0,0,3
BRDA:86,0,1,0
BRDA:98,1,0,0
BRDA:98,1,1,0
BRDA:106,2,0,1
BRDA:106,2,1,0
BRF:6
BRH:2
end_of_record
TN:
SF:E:\crazy-rabbit-one\src\components\LoginBox.vue
FN:89,(anonymous_0)
FNF:1
FNH:0
FNDA:0,(anonymous_0)
DA:47,2
DA:63,0
DA:67,0
DA:68,0
DA:70,0
DA:73,0
DA:77,0
DA:78,0
DA:81,0
DA:89,0
DA:90,0
DA:91,0
DA:92,0
DA:94,0
DA:100,0
DA:101,0
DA:107,0
DA:109,0
DA:115,2
DA:117,2
DA:118,0
DA:120,0
DA:121,0
DA:122,0
DA:123,0
DA:130,2
LF:26
LH:4
BRDA:63,0,0,0
BRDA:63,0,1,0
BRDA:64,1,0,0
BRDA:64,1,1,0
BRDA:65,2,0,0
BRDA:65,2,1,0
BRDA:67,3,0,0
BRDA:67,3,1,0
BRDA:77,4,0,0
BRDA:77,4,1,0
BRDA:77,5,0,0
BRDA:77,5,1,0
BRDA:77,5,2,0
BRDA:77,5,3,0
BRDA:90,6,0,0
BRDA:90,6,1,0
BRDA:100,7,0,0
BRDA:100,7,1,0
BRDA:117,8,0,0
BRDA:117,8,1,2
BRF:20
BRH:1
end_of_record
TN:
SF:E:\crazy-rabbit-one\src\utils\algorigthm.js
FN:2,(anonymous_0)
FN:19,(anonymous_1)
FN:45,(anonymous_2)
FN:65,(anonymous_3)
FN:66,(anonymous_4)
FN:99,(anonymous_5)
FN:100,(anonymous_6)
FNF:7
FNH:7
FNDA:4,(anonymous_0)
FNDA:2,(anonymous_1)
FNDA:1,(anonymous_2)
FNDA:3,(anonymous_3)
FNDA:167,(anonymous_4)
FNDA:32,(anonymous_5)
FNDA:15,(anonymous_6)
DA:2,1
DA:3,4
DA:4,7
DA:5,7
DA:6,7
DA:7,7
DA:9,7
DA:10,3
DA:14,1
DA:19,1
DA:21,2
DA:22,2
DA:24,2
DA:25,2
DA:26,2
DA:28,2
DA:29,60
DA:30,60
DA:32,60
DA:36,2
DA:37,1
DA:40,2
DA:45,1
DA:46,1
DA:47,8
DA:48,36
DA:49,36
DA:52,36
DA:53,8
DA:54,8
DA:55,8
DA:60,1
DA:65,1
DA:66,3
DA:67,167
DA:68,167
DA:69,167
DA:71,167
DA:72,82
DA:73,178
DA:74,13
DA:75,13
DA:79,82
DA:80,17
DA:81,9
DA:82,9
DA:86,82
DA:87,82
DA:88,82
DA:92,3
DA:94,3
DA:99,1
DA:100,32
DA:101,15
DA:103,15
DA:104,33
DA:109,15
DA:112,32
DA:113,17
DA:116,15
DA:117,15
DA:118,15
DA:120,15
LF:63
LH:63
BRDA:9,0,0,3
BRDA:9,0,1,4
BRDA:29,1,0,60
BRDA:29,1,1,0
BRDA:29,2,0,60
BRDA:29,2,1,0
BRDA:36,3,0,1
BRDA:36,3,1,1
BRDA:52,4,0,8
BRDA:52,4,1,28
BRDA:71,5,0,82
BRDA:71,5,1,85
BRDA:73,6,0,13
BRDA:73,6,1,165
BRDA:80,7,0,9
BRDA:80,7,1,8
BRDA:103,8,0,48
BRDA:103,8,1,40
BRDA:104,9,0,15
BRDA:104,9,1,18
BRDA:112,10,0,17
BRDA:112,10,1,15
BRF:22
BRH:20
end_of_record
